<?xml version="1.0" encoding="UTF-8"?>
<testng-results skipped="0" failed="0" total="2" passed="2">
  <reporter-output>
  </reporter-output>
  <suite name="Suite" duration-ms="71203" started-at="2019-12-31T07:28:33Z" finished-at="2019-12-31T07:29:44Z">
    <groups>
      <group name="cucumber">
        <method signature="AbstractTestNGCucumberTests.feature(cucumber.api.testng.CucumberFeatureWrapper)[pri:0, instance:runner.RunCuke@6b67034]" name="feature" class="cucumber.api.testng.AbstractTestNGCucumberTests"/>
      </group> <!-- cucumber -->
    </groups>
    <test name="Test" duration-ms="71203" started-at="2019-12-31T07:28:33Z" finished-at="2019-12-31T07:29:44Z">
      <class name="runner.RunCuke">
        <test-method status="PASS" signature="setUpClass()[pri:0, instance:runner.RunCuke@6b67034]" name="setUpClass" is-config="true" duration-ms="188" started-at="2019-12-31T12:58:33Z" finished-at="2019-12-31T12:58:33Z">
          <reporter-output>
          </reporter-output>
        </test-method> <!-- setUpClass -->
        <test-method status="PASS" signature="setup()[pri:0, instance:runner.RunCuke@6b67034]" name="setup" is-config="true" duration-ms="195" started-at="2019-12-31T12:58:33Z" finished-at="2019-12-31T12:58:34Z">
          <reporter-output>
          </reporter-output>
        </test-method> <!-- setup -->
        <test-method status="PASS" signature="feature(cucumber.api.testng.CucumberFeatureWrapper)[pri:0, instance:runner.RunCuke@6b67034]" name="feature" duration-ms="42689" started-at="2019-12-31T12:58:34Z" description="Runs Cucumber Feature" data-provider="features" finished-at="2019-12-31T12:59:16Z">
          <params>
            <param index="0">
              <value>
                <![CDATA[Searching on google]]>
              </value>
            </param>
          </params>
          <reporter-output>
          </reporter-output>
        </test-method> <!-- feature -->
        <test-method status="PASS" signature="feature(cucumber.api.testng.CucumberFeatureWrapper)[pri:0, instance:runner.RunCuke@6b67034]" name="feature" duration-ms="28027" started-at="2019-12-31T12:59:16Z" description="Runs Cucumber Feature" data-provider="features" finished-at="2019-12-31T12:59:44Z">
          <params>
            <param index="0">
              <value>
                <![CDATA[Searching on google using sceanrio outline]]>
              </value>
            </param>
          </params>
          <reporter-output>
          </reporter-output>
        </test-method> <!-- feature -->
        <test-method status="PASS" signature="tearDownClass()[pri:0, instance:runner.RunCuke@6b67034]" name="tearDownClass" is-config="true" duration-ms="46" started-at="2019-12-31T12:59:44Z" finished-at="2019-12-31T12:59:44Z">
          <reporter-output>
          </reporter-output>
        </test-method> <!-- tearDownClass -->
      </class> <!-- runner.RunCuke -->
    </test> <!-- Test -->
  </suite> <!-- Suite -->
</testng-results>
